{
  "stats": {
    "suites": 2,
    "tests": 5,
    "passes": 5,
    "pending": 0,
    "failures": 0,
    "start": "2023-07-18T20:15:12.002Z",
    "end": "2023-07-18T20:16:10.152Z",
    "duration": 58150,
    "testsRegistered": 5,
    "passPercent": 100,
    "pendingPercent": 0,
    "other": 0,
    "hasOther": false,
    "skipped": 0,
    "hasSkipped": false
  },
  "results": [
    {
      "uuid": "733d2f71-128a-4494-8318-1664245b8396",
      "title": "",
      "fullFile": "cypress/e2e/ecommerce.cy.js",
      "file": "cypress/e2e/ecommerce.cy.js",
      "beforeHooks": [],
      "afterHooks": [],
      "tests": [],
      "suites": [
        {
          "uuid": "e0f0712f-5c41-40da-9991-b2534a73c19f",
          "title": "Product details",
          "fullFile": "",
          "file": "",
          "beforeHooks": [],
          "afterHooks": [],
          "tests": [
            {
              "title": "search the products",
              "fullTitle": "Product details search the products",
              "timedOut": null,
              "duration": 7714,
              "state": "passed",
              "speed": "medium",
              "pass": true,
              "fail": false,
              "pending": false,
              "context": "{\n  \"title\": \"cypress-mochawesome-reporter-videos-passed\",\n  \"value\": \"cypress/e2e/ecommerce.cy.js\"\n}",
              "code": "const ecommercePage = new _EcommercePage.default();\necommercePage.searchProduct();",
              "err": {},
              "uuid": "db67e280-3a02-411f-a7f5-5f4db669dab9",
              "parentUUID": "e0f0712f-5c41-40da-9991-b2534a73c19f",
              "isHook": false,
              "skipped": false
            },
            {
              "title": "select the products to cart",
              "fullTitle": "Product details select the products to cart",
              "timedOut": null,
              "duration": 4702,
              "state": "passed",
              "speed": "fast",
              "pass": true,
              "fail": false,
              "pending": false,
              "context": "{\n  \"title\": \"cypress-mochawesome-reporter-videos-passed\",\n  \"value\": \"cypress/e2e/ecommerce.cy.js\"\n}",
              "code": "const ecommercePage = new _EcommercePage.default();\necommercePage.searchProduct();\necommercePage.selectProduct();",
              "err": {},
              "uuid": "f2645a68-1405-4df7-a6bc-0a0d365fcbe3",
              "parentUUID": "e0f0712f-5c41-40da-9991-b2534a73c19f",
              "isHook": false,
              "skipped": false
            },
            {
              "title": "add the products to cart",
              "fullTitle": "Product details add the products to cart",
              "timedOut": null,
              "duration": 15590,
              "state": "passed",
              "speed": "slow",
              "pass": true,
              "fail": false,
              "pending": false,
              "context": "{\n  \"title\": \"cypress-mochawesome-reporter-videos-passed\",\n  \"value\": \"cypress/e2e/ecommerce.cy.js\"\n}",
              "code": "const ecommercePage = new _EcommercePage.default();\necommercePage.searchProduct();\necommercePage.selectProduct();\necommercePage.addProduct();",
              "err": {},
              "uuid": "6d07ca67-e2da-441d-9f4b-53683a6a91bb",
              "parentUUID": "e0f0712f-5c41-40da-9991-b2534a73c19f",
              "isHook": false,
              "skipped": false
            },
            {
              "title": "check the cart and purchases",
              "fullTitle": "Product details check the cart and purchases",
              "timedOut": null,
              "duration": 17495,
              "state": "passed",
              "speed": "slow",
              "pass": true,
              "fail": false,
              "pending": false,
              "context": "{\n  \"title\": \"cypress-mochawesome-reporter-videos-passed\",\n  \"value\": \"cypress/e2e/ecommerce.cy.js\"\n}",
              "code": "const ecommercePage = new _EcommercePage.default();\necommercePage.searchProduct();\necommercePage.selectProduct();\necommercePage.addProduct();\necommercePage.checkCart();\necommercePage.sucessCheckout();",
              "err": {},
              "uuid": "3ee48b2d-4efc-445a-9507-3aa904736321",
              "parentUUID": "e0f0712f-5c41-40da-9991-b2534a73c19f",
              "isHook": false,
              "skipped": false
            }
          ],
          "suites": [],
          "passes": [
            "db67e280-3a02-411f-a7f5-5f4db669dab9",
            "f2645a68-1405-4df7-a6bc-0a0d365fcbe3",
            "6d07ca67-e2da-441d-9f4b-53683a6a91bb",
            "3ee48b2d-4efc-445a-9507-3aa904736321"
          ],
          "failures": [],
          "pending": [],
          "skipped": [],
          "duration": 45501,
          "root": false,
          "rootEmpty": false,
          "_timeout": 2000
        },
        {
          "uuid": "648f680f-e8c1-4b9a-b44b-0bb2a38f5908",
          "title": "User account",
          "fullFile": "",
          "file": "",
          "beforeHooks": [],
          "afterHooks": [],
          "tests": [
            {
              "title": "access account",
              "fullTitle": "User account access account",
              "timedOut": null,
              "duration": 9253,
              "state": "passed",
              "speed": "medium",
              "pass": true,
              "fail": false,
              "pending": false,
              "context": "{\n  \"title\": \"cypress-mochawesome-reporter-videos-passed\",\n  \"value\": \"cypress/e2e/ecommerce.cy.js\"\n}",
              "code": "const ecommercePage = new _EcommercePage.default();\necommercePage.sucessLogin();",
              "err": {},
              "uuid": "c8ad9771-5818-4dac-a588-281f592aa979",
              "parentUUID": "648f680f-e8c1-4b9a-b44b-0bb2a38f5908",
              "isHook": false,
              "skipped": false
            }
          ],
          "suites": [],
          "passes": [
            "c8ad9771-5818-4dac-a588-281f592aa979"
          ],
          "failures": [],
          "pending": [],
          "skipped": [],
          "duration": 9253,
          "root": false,
          "rootEmpty": false,
          "_timeout": 2000
        }
      ],
      "passes": [],
      "failures": [],
      "pending": [],
      "skipped": [],
      "duration": 0,
      "root": true,
      "rootEmpty": true,
      "_timeout": 2000
    }
  ],
  "meta": {
    "mocha": {
      "version": "7.0.1"
    },
    "mochawesome": {
      "options": {
        "quiet": false,
        "reportFilename": "report",
        "saveHtml": true,
        "saveJson": true,
        "consoleReporter": "spec",
        "useInlineDiffs": false,
        "code": true
      },
      "version": "7.1.3"
    },
    "marge": {
      "options": {
        "charts": true,
        "html": true,
        "reportDir": "cypress/reports",
        "reportFilename": "report",
        "overwrite": true
      },
      "version": "6.2.0"
    }
  }
}